2026-02-08 08:55:48,904 - INFO - Configuration:
2026-02-08 08:55:48,905 - INFO -   Style: Standard (Curriculum)
2026-02-08 08:55:48,905 - INFO -   Mode: curriculum
2026-02-08 08:55:48,905 - INFO -   Agents: 5
2026-02-08 08:55:48,905 - INFO -   Frame Stack: 4
2026-02-08 08:55:48,905 - INFO -   Resolution: (84, 84)
2026-02-08 08:55:48,905 - INFO -   Model: DuelingDQN (LeakyReLU)
2026-02-08 08:55:48,905 - INFO -   LR: 6.25e-05
2026-02-08 08:55:48,905 - INFO -   PER: True
2026-02-08 08:55:55,795 - INFO -   Curriculum Stage: 1 (EAT)
2026-02-08 08:55:55,795 - INFO -   Max Steps: 300
2026-02-08 08:56:16,076 - INFO - Ep 1 | S1:EAT | Rw: 194.73 | St: 67 | Fd: 21 (0.313/st) | Eps: 0.999 | L: 11.3338 | Wall | Pos:(0,0)
2026-02-08 08:56:18,189 - INFO - Ep 2 | S1:EAT | Rw: 206.01 | St: 68 | Fd: 22 (0.324/st) | Eps: 0.999 | L: 7.7417 | Wall | Pos:(0,0)
2026-02-08 08:56:27,580 - INFO - Ep 3 | S1:EAT | Rw: 245.61 | St: 94 | Fd: 26 (0.277/st) | Eps: 0.999 | L: 10.3050 | Wall | Pos:(0,0)
2026-02-08 08:56:29,766 - INFO - Ep 4 | S1:EAT | Rw: 169.49 | St: 27 | Fd: 19 (0.704/st) | Eps: 0.999 | L: 7.1090 | Wall | Pos:(0,0)
2026-02-08 08:56:39,088 - INFO - Ep 5 | S1:EAT | Rw: 243.68 | St: 126 | Fd: 26 (0.206/st) | Eps: 0.998 | L: 11.1785 | Wall | Pos:(43954,27773)
2026-02-08 08:56:46,850 - INFO - Ep 6 | S1:EAT | Rw: 417.38 | St: 144 | Fd: 43 (0.299/st) | Eps: 0.998 | L: 8.5281 | Wall | Pos:(0,0)
2026-02-08 08:56:53,329 - INFO - Ep 7 | S1:EAT | Rw: 211.33 | St: 28 | Fd: 23 (0.821/st) | Eps: 0.998 | L: 7.6776 | Wall | Pos:(0,0)
2026-02-08 08:56:55,443 - INFO - Ep 8 | S1:EAT | Rw: 266.67 | St: 88 | Fd: 28 (0.318/st) | Eps: 0.998 | L: 16.1330 | Wall | Pos:(0,0)
2026-02-08 08:57:01,533 - INFO - Ep 9 | S1:EAT | Rw: 191.10 | St: 18 | Fd: 21 (1.167/st) | Eps: 0.998 | L: 8.4417 | Wall | Pos:(0,0)
2026-02-08 08:57:08,227 - INFO - Ep 10 | S1:EAT | Rw: 181.23 | St: 12 | Fd: 20 (1.667/st) | Eps: 0.997 | L: 14.1671 | Wall | Pos:(29669,39378) Enemy:45
2026-02-08 08:57:08,227 - INFO - Death Stats: {'Wall': 10, 'SnakeCollision': 0, 'Unknown': 0, 'MaxSteps': 0}
2026-02-08 08:57:12,168 - INFO - Ep 11 | S1:EAT | Rw: 180.40 | St: 14 | Fd: 20 (1.429/st) | Eps: 0.997 | L: 13.9669 | Wall | Pos:(0,0)
2026-02-08 08:57:15,797 - INFO - Ep 12 | S1:EAT | Rw: 244.26 | St: 74 | Fd: 26 (0.351/st) | Eps: 0.997 | L: 18.1836 | Wall | Pos:(0,0)
2026-02-08 08:57:20,309 - INFO - Ep 13 | S1:EAT | Rw: 372.61 | St: 77 | Fd: 39 (0.506/st) | Eps: 0.997 | L: 23.0779 | Wall | Pos:(0,0)
2026-02-08 08:57:27,777 - INFO - Ep 14 | S1:EAT | Rw: 120.42 | St: 21 | Fd: 14 (0.667/st) | Eps: 0.997 | L: 16.9548 | Wall | Pos:(32648,34240) Enemy:73
2026-02-08 08:57:29,873 - INFO - Ep 15 | S1:EAT | Rw: 220.67 | St: 24 | Fd: 24 (1.000/st) | Eps: 0.997 | L: 18.8549 | Wall | Pos:(0,0)
2026-02-08 08:57:41,527 - INFO - Ep 16 | S1:EAT | Rw: 304.09 | St: 72 | Fd: 32 (0.444/st) | Eps: 0.996 | L: 23.4769 | Wall | Pos:(40753,29743) Enemy:36
2026-02-08 08:57:43,882 - INFO - Ep 17 | S1:EAT | Rw: 213.63 | St: 47 | Fd: 23 (0.489/st) | Eps: 0.996 | L: 4.4364 | Wall | Pos:(0,0)
2026-02-08 08:57:51,455 - INFO - Ep 18 | S1:EAT | Rw: 111.18 | St: 21 | Fd: 13 (0.619/st) | Eps: 0.996 | L: 13.0454 | Wall | Pos:(0,0)
2026-02-08 08:57:55,796 - INFO - Ep 19 | S1:EAT | Rw: 337.06 | St: 100 | Fd: 35 (0.350/st) | Eps: 0.996 | L: 17.3430 | Wall | Pos:(40049,42432) Enemy:2945
2026-02-08 08:57:55,796 - INFO - Ep 20 | S1:EAT | Rw: 295.92 | St: 94 | Fd: 31 (0.330/st) | Eps: 0.996 | L: 17.3430 | Wall | Pos:(0,0)
2026-02-08 08:57:55,796 - INFO - Death Stats: {'Wall': 20, 'SnakeCollision': 0, 'Unknown': 0, 'MaxSteps': 0}
2026-02-08 08:57:59,408 - INFO - Ep 21 | S1:EAT | Rw: -19.91 | St: 2 | Fd: 0 (0.000/st) | Eps: 0.996 | L: 8.8758 | Wall | Pos:(0,0)
2026-02-08 08:58:04,057 - INFO - Ep 22 | S1:EAT | Rw: 313.20 | St: 74 | Fd: 33 (0.446/st) | Eps: 0.996 | L: 10.4875 | Wall | Pos:(42415,24752)
2026-02-08 08:58:04,057 - INFO - Ep 23 | S1:EAT | Rw: 180.95 | St: 4 | Fd: 20 (5.000/st) | Eps: 0.996 | L: 10.4875 | Wall | Pos:(28382,30195) Enemy:36
2026-02-08 08:58:08,687 - INFO - Ep 24 | S1:EAT | Rw: 170.39 | St: 28 | Fd: 19 (0.679/st) | Eps: 0.996 | L: 8.2276 | Wall | Pos:(0,0)
2026-02-08 08:58:10,788 - INFO - Ep 25 | S1:EAT | Rw: 190.26 | St: 6 | Fd: 21 (3.500/st) | Eps: 0.996 | L: 10.4591 | Wall | Pos:(0,0)
2026-02-08 08:58:21,773 - INFO - Ep 26 | S1:EAT | Rw: 232.13 | St: 39 | Fd: 25 (0.641/st) | Eps: 0.995 | L: 21.6561 | Wall | Pos:(0,0)
2026-02-08 08:58:25,920 - INFO - Ep 27 | S1:EAT | Rw: 202.00 | St: 38 | Fd: 22 (0.579/st) | Eps: 0.995 | L: 10.2151 | Wall | Pos:(0,0)
2026-02-08 08:58:28,557 - INFO - Ep 28 | S1:EAT | Rw: 242.81 | St: 40 | Fd: 26 (0.650/st) | Eps: 0.995 | L: 16.5122 | Wall | Pos:(0,0)
2026-02-08 08:58:39,034 - INFO - Ep 29 | S1:EAT | Rw: 232.34 | St: 39 | Fd: 25 (0.641/st) | Eps: 0.995 | L: 10.9783 | Wall | Pos:(0,0)
2026-02-08 08:58:45,534 - INFO - Ep 30 | S1:EAT | Rw: 202.03 | St: 48 | Fd: 22 (0.458/st) | Eps: 0.995 | L: 27.9296 | Wall | Pos:(28989,34014) Enemy:717
2026-02-08 08:58:45,534 - INFO - Death Stats: {'Wall': 30, 'SnakeCollision': 0, 'Unknown': 0, 'MaxSteps': 0}
2026-02-08 08:58:47,642 - INFO - Ep 31 | S1:EAT | Rw: 306.68 | St: 93 | Fd: 32 (0.344/st) | Eps: 0.995 | L: 12.6686 | Wall | Pos:(0,0)
2026-02-08 08:58:55,728 - INFO - Ep 32 | S1:EAT | Rw: 201.65 | St: 24 | Fd: 22 (0.917/st) | Eps: 0.994 | L: 4.2892 | Wall | Pos:(0,0)
2026-02-08 08:58:58,363 - INFO - Ep 33 | S1:EAT | Rw: 392.60 | St: 114 | Fd: 40 (0.351/st) | Eps: 0.994 | L: 4.9888 | Wall | Pos:(0,0)
2026-02-08 08:59:01,396 - INFO - >> Target Network Updated
2026-02-08 08:59:12,892 - INFO - Ep 34 | S1:EAT | Rw: 284.46 | St: 68 | Fd: 30 (0.441/st) | Eps: 0.993 | L: 7.7158 | Wall | Pos:(41625,34731) Enemy:45
2026-02-08 08:59:18,589 - INFO - Ep 35 | S1:EAT | Rw: 365.35 | St: 113 | Fd: 38 (0.336/st) | Eps: 0.993 | L: 4.9539 | Wall | Pos:(44984,31054) Enemy:1305
2026-02-08 08:59:21,708 - INFO - Ep 36 | S1:EAT | Rw: 460.68 | St: 154 | Fd: 47 (0.305/st) | Eps: 0.993 | L: 10.3112 | Wall | Pos:(0,0)
2026-02-08 08:59:30,426 - INFO - Ep 37 | S1:EAT | Rw: 161.62 | St: 21 | Fd: 18 (0.857/st) | Eps: 0.993 | L: 9.4845 | Wall | Pos:(39271,30079) Enemy:45
2026-02-08 08:59:36,351 - INFO - Ep 38 | S1:EAT | Rw: 418.51 | St: 134 | Fd: 43 (0.321/st) | Eps: 0.993 | L: 8.7662 | Wall | Pos:(34274,36609) Enemy:40
2026-02-08 08:59:44,450 - INFO - Ep 39 | S1:EAT | Rw: 263.23 | St: 56 | Fd: 28 (0.500/st) | Eps: 0.992 | L: 5.6538 | Wall | Pos:(39357,28712) Enemy:70
2026-02-08 08:59:54,033 - INFO - Ep 40 | S1:EAT | Rw: 273.96 | St: 67 | Fd: 29 (0.433/st) | Eps: 0.992 | L: 7.6443 | Wall | Pos:(36410,38680) Enemy:154
2026-02-08 08:59:54,034 - INFO - Death Stats: {'Wall': 40, 'SnakeCollision': 0, 'Unknown': 0, 'MaxSteps': 0}
2026-02-08 08:59:56,128 - INFO - Ep 41 | S1:EAT | Rw: 388.94 | St: 169 | Fd: 40 (0.237/st) | Eps: 0.992 | L: 5.0633 | Wall | Pos:(0,0)
2026-02-08 09:00:07,119 - INFO - Ep 42 | S1:EAT | Rw: 386.68 | St: 125 | Fd: 40 (0.320/st) | Eps: 0.991 | L: 6.0578 | Wall | Pos:(0,0)
2026-02-08 09:00:09,220 - INFO - Ep 43 | S1:EAT | Rw: 170.74 | St: 26 | Fd: 19 (0.731/st) | Eps: 0.991 | L: 4.5415 | Wall | Pos:(0,0)
2026-02-08 09:00:09,221 - INFO - Ep 44 | S1:EAT | Rw: 201.55 | St: 27 | Fd: 22 (0.815/st) | Eps: 0.991 | L: 4.5415 | Wall | Pos:(0,0)
2026-02-08 09:00:17,787 - INFO - Ep 45 | S1:EAT | Rw: 299.69 | St: 108 | Fd: 31 (0.287/st) | Eps: 0.991 | L: 4.9974 | Wall | Pos:(38968,42957)
2026-02-08 09:00:21,949 - INFO - Ep 46 | S1:EAT | Rw: 171.13 | St: 25 | Fd: 19 (0.760/st) | Eps: 0.991 | L: 2.8648 | Wall | Pos:(0,0)
2026-02-08 09:00:24,714 - INFO - Ep 47 | S1:EAT | Rw: 182.31 | St: 27 | Fd: 20 (0.741/st) | Eps: 0.991 | L: 10.6427 | Wall | Pos:(0,0)
2026-02-08 09:00:24,717 - INFO - Ep 48 | S1:EAT | Rw: 171.21 | St: 26 | Fd: 19 (0.731/st) | Eps: 0.991 | L: 10.6427 | Wall | Pos:(0,0)
2026-02-08 09:00:28,849 - INFO - Ep 49 | S1:EAT | Rw: 170.54 | St: 3 | Fd: 19 (6.333/st) | Eps: 0.991 | L: 6.8606 | Wall | Pos:(0,0)
2026-02-08 09:00:34,252 - INFO - Ep 50 | S1:EAT | Rw: 179.48 | St: 7 | Fd: 20 (2.857/st) | Eps: 0.991 | L: 7.8673 | Wall | Pos:(0,0)
2026-02-08 09:00:34,252 - INFO - Death Stats: {'Wall': 50, 'SnakeCollision': 0, 'Unknown': 0, 'MaxSteps': 0}
2026-02-08 09:00:41,239 - INFO - Ep 51 | S2:SURVIVE | Rw: 288.76 | St: 109 | Fd: 40 (0.367/st) | Eps: 0.991 | L: 5.2432 | Wall | Pos:(34466,39339) Enemy:22
2026-02-08 09:00:50,090 - INFO - Ep 52 | S2:SURVIVE | Rw: 134.24 | St: 54 | Fd: 28 (0.519/st) | Eps: 0.990 | L: 4.8217 | Wall | Pos:(40081,28525) Enemy:40
2026-02-08 09:00:57,990 - INFO - Ep 53 | S2:SURVIVE | Rw: 138.70 | St: 80 | Fd: 33 (0.412/st) | Eps: 0.990 | L: 9.3132 | Wall | Pos:(32277,39156) Enemy:151
2026-02-08 09:01:00,098 - INFO - Ep 54 | S2:SURVIVE | Rw: 51.40 | St: 57 | Fd: 23 (0.404/st) | Eps: 0.990 | L: 7.8212 | Wall | Pos:(0,0)
2026-02-08 09:01:08,842 - INFO - Ep 55 | S2:SURVIVE | Rw: 49.79 | St: 103 | Fd: 30 (0.291/st) | Eps: 0.989 | L: 4.6554 | Wall | Pos:(43855,36995)
2026-02-08 09:01:12,484 - INFO - Ep 56 | S2:SURVIVE | Rw: 39.99 | St: 31 | Fd: 19 (0.613/st) | Eps: 0.989 | L: 4.4062 | Wall | Pos:(0,0)
2026-02-08 09:01:16,434 - INFO - Ep 57 | S2:SURVIVE | Rw: 62.51 | St: 33 | Fd: 25 (0.758/st) | Eps: 0.989 | L: 3.2925 | Wall | Pos:(0,0)
2026-02-08 09:01:20,611 - INFO - Ep 58 | S2:SURVIVE | Rw: 172.33 | St: 112 | Fd: 42 (0.375/st) | Eps: 0.989 | L: 3.9868 | Wall | Pos:(0,0)
2026-02-08 09:01:26,912 - INFO - Ep 59 | S2:SURVIVE | Rw: 70.80 | St: 11 | Fd: 22 (2.000/st) | Eps: 0.989 | L: 5.7061 | Wall | Pos:(0,0)
2026-02-08 09:01:26,913 - INFO - Ep 60 | S2:SURVIVE | Rw: 59.42 | St: 12 | Fd: 21 (1.750/st) | Eps: 0.989 | L: 5.7061 | Wall | Pos:(38653,30111) Enemy:47
2026-02-08 09:01:26,913 - INFO - Death Stats: {'Wall': 60, 'SnakeCollision': 0, 'Unknown': 0, 'MaxSteps': 0}
2026-02-08 09:01:30,026 - INFO - Ep 61 | S2:SURVIVE | Rw: 34.06 | St: 70 | Fd: 26 (0.371/st) | Eps: 0.989 | L: 10.7754 | Wall | Pos:(0,0)
2026-02-08 09:01:30,027 - INFO - Ep 62 | S2:SURVIVE | Rw: 61.18 | St: 14 | Fd: 22 (1.571/st) | Eps: 0.989 | L: 10.7754 | Wall | Pos:(0,0)
2026-02-08 09:01:47,319 - INFO - Ep 63 | S2:SURVIVE | Rw: 128.23 | St: 63 | Fd: 30 (0.476/st) | Eps: 0.988 | L: 2.9914 | Wall | Pos:(0,0)
2026-02-08 09:01:50,433 - INFO - Ep 64 | S2:SURVIVE | Rw: 86.89 | St: 65 | Fd: 32 (0.492/st) | Eps: 0.988 | L: 6.2516 | Wall | Pos:(0,0)
2026-02-08 09:01:53,354 - INFO - Ep 65 | S2:SURVIVE | Rw: 156.49 | St: 66 | Fd: 34 (0.515/st) | Eps: 0.988 | L: 7.0055 | Wall | Pos:(0,0)
2026-02-08 09:01:53,354 - INFO - Ep 66 | S2:SURVIVE | Rw: 80.14 | St: 65 | Fd: 31 (0.477/st) | Eps: 0.988 | L: 7.0055 | Wall | Pos:(0,0)
2026-02-08 09:01:57,478 - INFO - Ep 67 | S2:SURVIVE | Rw: 88.72 | St: 77 | Fd: 33 (0.429/st) | Eps: 0.988 | L: 4.5825 | Wall | Pos:(0,0)
2026-02-08 09:02:00,080 - INFO - Ep 68 | S2:SURVIVE | Rw: 65.99 | St: 4 | Fd: 21 (5.250/st) | Eps: 0.988 | L: 2.3797 | Wall | Pos:(0,0)
2026-02-08 09:02:00,081 - INFO - Ep 69 | S2:SURVIVE | Rw: -68.43 | St: 2 | Fd: 4 (2.000/st) | Eps: 0.988 | L: 2.3797 | Wall | Pos:(0,0)
2026-02-08 09:02:01,474 - INFO - >> Target Network Updated
2026-02-08 09:02:10,922 - INFO - Ep 70 | S2:SURVIVE | Rw: 66.56 | St: 42 | Fd: 25 (0.595/st) | Eps: 0.988 | L: 2.8846 | Wall | Pos:(38411,34681) Enemy:134
2026-02-08 09:02:10,922 - INFO - Death Stats: {'Wall': 70, 'SnakeCollision': 0, 'Unknown': 0, 'MaxSteps': 0}
2026-02-08 09:02:15,062 - INFO - Ep 71 | S2:SURVIVE | Rw: 91.47 | St: 45 | Fd: 28 (0.622/st) | Eps: 0.988 | L: 8.7294 | Wall | Pos:(0,0)
2026-02-08 09:02:15,062 - INFO - Ep 72 | S2:SURVIVE | Rw: 57.14 | St: 42 | Fd: 23 (0.548/st) | Eps: 0.988 | L: 8.7294 | Wall | Pos:(0,0)
2026-02-08 09:02:26,974 - INFO - Ep 73 | S2:SURVIVE | Rw: 139.93 | St: 92 | Fd: 35 (0.380/st) | Eps: 0.987 | L: 2.1439 | Wall | Pos:(30185,28137) Enemy:159
2026-02-08 09:02:29,168 - INFO - Ep 74 | S2:SURVIVE | Rw: 90.48 | St: 51 | Fd: 27 (0.529/st) | Eps: 0.987 | L: 4.3804 | Wall | Pos:(0,0)
2026-02-08 09:02:34,413 - INFO - Ep 75 | S2:SURVIVE | Rw: 100.30 | St: 59 | Fd: 33 (0.559/st) | Eps: 0.987 | L: 6.2608 | Wall | Pos:(43530,28095) Enemy:28
2026-02-08 09:02:38,560 - INFO - Ep 76 | S2:SURVIVE | Rw: 122.06 | St: 103 | Fd: 46 (0.447/st) | Eps: 0.987 | L: 1.9520 | Wall | Pos:(0,0)
2026-02-08 09:02:38,561 - INFO - Ep 77 | S2:SURVIVE | Rw: 114.13 | St: 59 | Fd: 30 (0.508/st) | Eps: 0.987 | L: 1.9520 | Wall | Pos:(0,0)
2026-02-08 09:02:50,073 - INFO - Ep 78 | S2:SURVIVE | Rw: 77.73 | St: 24 | Fd: 23 (0.958/st) | Eps: 0.986 | L: 1.0876 | Wall | Pos:(26482,29794) Enemy:330
2026-02-08 09:02:52,698 - INFO - Ep 79 | S2:SURVIVE | Rw: 48.73 | St: 24 | Fd: 20 (0.833/st) | Eps: 0.986 | L: 5.3290 | Wall | Pos:(0,0)
2026-02-08 09:02:59,340 - INFO - Ep 80 | S2:SURVIVE | Rw: 27.88 | St: 34 | Fd: 22 (0.647/st) | Eps: 0.986 | L: 3.4352 | Wall | Pos:(29406,39143) Enemy:79
2026-02-08 09:02:59,340 - INFO - Death Stats: {'Wall': 80, 'SnakeCollision': 0, 'Unknown': 0, 'MaxSteps': 0}
2026-02-08 09:03:01,437 - INFO - Ep 81 | S2:SURVIVE | Rw: 63.68 | St: 44 | Fd: 26 (0.591/st) | Eps: 0.986 | L: 2.2649 | Wall | Pos:(0,0)
2026-02-08 09:03:09,044 - INFO - Ep 82 | S2:SURVIVE | Rw: 46.58 | St: 56 | Fd: 24 (0.429/st) | Eps: 0.986 | L: 2.2433 | Wall | Pos:(0,0)
2026-02-08 09:03:11,249 - INFO - Ep 83 | S2:SURVIVE | Rw: 33.81 | St: 25 | Fd: 19 (0.760/st) | Eps: 0.986 | L: 3.8665 | Wall | Pos:(0,0)
2026-02-08 09:03:13,870 - INFO - Ep 84 | S2:SURVIVE | Rw: 59.10 | St: 27 | Fd: 22 (0.815/st) | Eps: 0.986 | L: 2.5179 | Wall | Pos:(0,0)
2026-02-08 09:03:29,993 - INFO - Ep 85 | S2:SURVIVE | Rw: 122.55 | St: 67 | Fd: 30 (0.448/st) | Eps: 0.985 | L: 4.6088 | Wall | Pos:(26557,31820) Enemy:78
2026-02-08 09:03:34,967 - INFO - Ep 86 | S2:SURVIVE | Rw: 99.58 | St: 68 | Fd: 33 (0.485/st) | Eps: 0.985 | L: 2.5360 | Wall | Pos:(33439,38721) Enemy:91
2026-02-08 09:03:37,586 - INFO - Ep 87 | S2:SURVIVE | Rw: 87.01 | St: 68 | Fd: 29 (0.426/st) | Eps: 0.985 | L: 3.9062 | Wall | Pos:(0,0)
2026-02-08 09:03:44,100 - INFO - Ep 88 | S2:SURVIVE | Rw: 23.36 | St: 95 | Fd: 30 (0.316/st) | Eps: 0.985 | L: 2.0004 | Wall | Pos:(43019,39334) Enemy:1271
2026-02-08 09:03:46,185 - INFO - Ep 89 | S2:SURVIVE | Rw: 196.82 | St: 97 | Fd: 41 (0.423/st) | Eps: 0.985 | L: 1.9042 | Wall | Pos:(0,0)
2026-02-08 09:04:02,021 - INFO - Ep 90 | S2:SURVIVE | Rw: 52.72 | St: 69 | Fd: 31 (0.449/st) | Eps: 0.984 | L: 3.7853 | Wall | Pos:(27401,37766) Enemy:65
2026-02-08 09:04:02,022 - INFO - Death Stats: {'Wall': 90, 'SnakeCollision': 0, 'Unknown': 0, 'MaxSteps': 0}
2026-02-08 09:04:14,650 - INFO - Ep 91 | S2:SURVIVE | Rw: 168.17 | St: 114 | Fd: 41 (0.360/st) | Eps: 0.983 | L: 2.5301 | Wall | Pos:(33257,31627) Enemy:138
2026-02-08 09:04:17,859 - INFO - Ep 92 | S2:SURVIVE | Rw: 178.51 | St: 130 | Fd: 47 (0.362/st) | Eps: 0.983 | L: 1.4245 | Wall | Pos:(0,0)
2026-02-08 09:04:17,861 - INFO - Ep 93 | S2:SURVIVE | Rw: 82.64 | St: 45 | Fd: 25 (0.556/st) | Eps: 0.983 | L: 1.4245 | Wall | Pos:(0,0)
2026-02-08 09:04:20,068 - INFO - Ep 94 | S2:SURVIVE | Rw: 263.04 | St: 128 | Fd: 56 (0.438/st) | Eps: 0.983 | L: 2.3748 | Wall | Pos:(0,0)
2026-02-08 09:04:33,138 - INFO - Ep 95 | S2:SURVIVE | Rw: 132.77 | St: 60 | Fd: 33 (0.550/st) | Eps: 0.982 | L: 1.5384 | Wall | Pos:(36107,38620) Enemy:64
2026-02-08 09:04:33,634 - INFO - >> Target Network Updated
2026-02-08 09:04:40,364 - INFO - Ep 96 | S2:SURVIVE | Rw: 79.80 | St: 75 | Fd: 35 (0.467/st) | Eps: 0.982 | L: 3.2059 | Wall | Pos:(29451,40641) Enemy:36
2026-02-08 09:04:42,473 - INFO - Ep 97 | S2:SURVIVE | Rw: -10.84 | St: 15 | Fd: 12 (0.800/st) | Eps: 0.982 | L: 4.9450 | Wall | Pos:(0,0)
2026-02-08 09:04:54,691 - INFO - Ep 98 | S2:SURVIVE | Rw: 57.56 | St: 53 | Fd: 27 (0.509/st) | Eps: 0.981 | L: 3.3206 | Wall | Pos:(37550,37865) Enemy:56
2026-02-08 09:04:57,894 - INFO - Ep 99 | S2:SURVIVE | Rw: 170.51 | St: 127 | Fd: 42 (0.331/st) | Eps: 0.981 | L: 1.2534 | Wall | Pos:(0,0)
2026-02-08 09:04:57,895 - INFO - Ep 100 | S2:SURVIVE | Rw: 90.57 | St: 53 | Fd: 25 (0.472/st) | Eps: 0.981 | L: 1.2534 | Wall | Pos:(0,0)
2026-02-08 09:04:57,895 - INFO - Death Stats: {'Wall': 100, 'SnakeCollision': 0, 'Unknown': 0, 'MaxSteps': 0}
2026-02-08 09:05:00,589 - INFO - Ep 101 | S2:SURVIVE | Rw: 171.84 | St: 257 | Fd: 71 (0.276/st) | Eps: 0.981 | L: 1.4467 | Wall | Pos:(0,0)
2026-02-08 09:05:04,719 - INFO - Ep 102 | S2:SURVIVE | Rw: 17.63 | St: 3 | Fd: 15 (5.000/st) | Eps: 0.981 | L: 0.8830 | Wall | Pos:(0,0)
2026-02-08 09:05:06,823 - INFO - Ep 103 | S2:SURVIVE | Rw: 3.52 | St: 3 | Fd: 13 (4.333/st) | Eps: 0.981 | L: 1.6001 | Wall | Pos:(0,0)
2026-02-08 09:05:10,956 - INFO - Ep 104 | S2:SURVIVE | Rw: 49.03 | St: 4 | Fd: 19 (4.750/st) | Eps: 0.981 | L: 1.2674 | Wall | Pos:(0,0)
2026-02-08 09:05:13,064 - INFO - Ep 105 | S2:SURVIVE | Rw: -21.24 | St: 3 | Fd: 10 (3.333/st) | Eps: 0.981 | L: 1.9013 | Wall | Pos:(0,0)
2026-02-08 09:05:17,217 - INFO - Ep 106 | S2:SURVIVE | Rw: 57.61 | St: 5 | Fd: 20 (4.000/st) | Eps: 0.981 | L: 1.6946 | Wall | Pos:(0,0)
2026-02-08 09:05:22,542 - INFO - Ep 107 | S2:SURVIVE | Rw: 64.18 | St: 6 | Fd: 21 (3.500/st) | Eps: 0.981 | L: 3.2558 | Wall | Pos:(0,0)
2026-02-08 09:05:34,341 - INFO - Ep 108 | S2:SURVIVE | Rw: 327.45 | St: 179 | Fd: 59 (0.330/st) | Eps: 0.980 | L: 1.3571 | Wall | Pos:(44456,28029)
2026-02-08 09:05:40,158 - INFO - Ep 109 | S2:SURVIVE | Rw: 84.61 | St: 57 | Fd: 27 (0.474/st) | Eps: 0.980 | L: 0.8477 | Wall | Pos:(35389,27896) Enemy:206
2026-02-08 09:05:43,175 - INFO - Ep 110 | S2:SURVIVE | Rw: 89.93 | St: 55 | Fd: 27 (0.491/st) | Eps: 0.980 | L: 0.5329 | Wall | Pos:(0,0)
2026-02-08 09:05:43,175 - INFO - Death Stats: {'Wall': 110, 'SnakeCollision': 0, 'Unknown': 0, 'MaxSteps': 0}
2026-02-08 09:05:53,369 - INFO - Ep 111 | S2:SURVIVE | Rw: 83.29 | St: 79 | Fd: 30 (0.380/st) | Eps: 0.980 | L: 1.6984 | Wall | Pos:(33605,34017) Enemy:52
2026-02-08 09:06:04,127 - INFO - Ep 112 | S2:SURVIVE | Rw: 102.97 | St: 103 | Fd: 39 (0.379/st) | Eps: 0.980 | L: 1.0715 | Wall | Pos:(0,0)
2026-02-08 09:06:06,219 - INFO - Ep 113 | S2:SURVIVE | Rw: 56.09 | St: 18 | Fd: 21 (1.167/st) | Eps: 0.980 | L: 1.6654 | Wall | Pos:(0,0)
2026-02-08 09:06:10,365 - INFO - Ep 114 | S2:SURVIVE | Rw: 109.67 | St: 49 | Fd: 29 (0.592/st) | Eps: 0.980 | L: 1.2612 | Wall | Pos:(0,0)
2026-02-08 09:06:21,147 - INFO - Ep 115 | S2:SURVIVE | Rw: 68.46 | St: 40 | Fd: 23 (0.575/st) | Eps: 0.979 | L: 2.1753 | Wall | Pos:(31210,28319) Enemy:84
2026-02-08 09:06:24,776 - INFO - Ep 116 | S2:SURVIVE | Rw: 112.35 | St: 98 | Fd: 39 (0.398/st) | Eps: 0.979 | L: 1.5353 | Wall | Pos:(0,0)
2026-02-08 09:06:34,001 - INFO - Ep 117 | S2:SURVIVE | Rw: 66.01 | St: 67 | Fd: 26 (0.388/st) | Eps: 0.979 | L: 1.1942 | Wall | Pos:(34023,25306) Enemy:48
2026-02-08 09:06:39,755 - INFO - Ep 118 | S2:SURVIVE | Rw: 59.70 | St: 72 | Fd: 29 (0.403/st) | Eps: 0.979 | L: 1.3253 | Wall | Pos:(43241,33546) Enemy:58
2026-02-08 09:06:41,946 - INFO - Ep 119 | S2:SURVIVE | Rw: 44.90 | St: 31 | Fd: 21 (0.677/st) | Eps: 0.979 | L: 2.3070 | Wall | Pos:(0,0)
