2026-02-15 17:33:09,355 - INFO - Configuration:
2026-02-15 17:33:09,355 - INFO -   Style: Standard (Curriculum)
2026-02-15 17:33:09,355 - INFO -   Mode: curriculum
2026-02-15 17:33:09,355 - INFO -   Agents: AUTO (start=1, max=10)
2026-02-15 17:33:09,356 - INFO -   Frame Stack: 4
2026-02-15 17:33:09,356 - INFO -   Resolution: (64, 64)
2026-02-15 17:33:09,356 - INFO -   Model: HybridDuelingDQN (LeakyReLU)
2026-02-15 17:33:09,356 - INFO -   LR: 0.0001
2026-02-15 17:33:09,356 - INFO -   PER: True
2026-02-15 17:33:09,356 - INFO -   Backend: selenium
2026-02-15 17:33:09,356 - INFO - Training Run UID: 20260215-367de599
2026-02-15 17:33:15,604 - INFO -   Curriculum Stage: 1 (FOOD_VECTOR)
2026-02-15 17:33:15,605 - INFO -   Max Steps: 300
2026-02-15 17:33:34,762 - INFO - [AUTO-SCALE] Added agent #2 (CPU:31% RAM:38703MB Step:54ms)
2026-02-15 17:33:56,887 - INFO - Ep 1 | S1:FOOD_VECTOR | Rw: 162.61 | St: 216 | Fd: 48 (0.222/st) | Eps: 0.967 | L: 4.7906 | Q: 0.57/21.06 | SnakeCollision | Pos:(42651,28167) Wall:2986 Enemy:44
2026-02-15 17:34:07,631 - INFO - [AUTO-SCALE] Added agent #3 (CPU:34% RAM:37846MB Step:138ms)
2026-02-15 17:34:09,895 - INFO - Ep 2 | S1:FOOD_VECTOR | Rw: 281.87 | St: 293 | Fd: 76 (0.259/st) | Eps: 0.967 | L: 3.3678 | Q: 0.84/25.16 | SnakeCollision | Pos:(43268,40217) Wall:818 Enemy:1435
2026-02-15 17:34:37,847 - INFO - [AUTO-SCALE] Added agent #4 (CPU:43% RAM:36920MB Step:109ms)
2026-02-15 17:34:38,185 - INFO - >> Target Network Updated
2026-02-15 17:34:43,929 - INFO - Ep 3 | S1:FOOD_VECTOR | Rw: 195.58 | St: 177 | Fd: 44 (0.249/st) | Eps: 0.948 | L: 1.9961 | Q: 4.23/12.41 | SnakeCollision | Pos:(35832,25858) Wall:6543 Enemy:23
2026-02-15 17:34:46,297 - INFO - Ep 4 | S1:FOOD_VECTOR | Rw: 111.50 | St: 177 | Fd: 37 (0.209/st) | Eps: 0.948 | L: 7.6354 | Q: 4.36/31.74 | Wall | Pos:(46644,35484)
2026-02-15 17:34:48,568 - INFO - Ep 5 | S1:FOOD_VECTOR | Rw: 187.48 | St: 179 | Fd: 61 (0.341/st) | Eps: 0.947 | L: 5.2236 | Q: 3.74/10.03 | Wall | Pos:(47213,32112) Enemy:934
